<?xml version="1.0" encoding="UTF-8"?>
<!-- Generated by org.testng.reporters.JUnitReportReporter -->
<testsuite hostname="LAPTOP-A630U333" failures="0" tests="1" name="Maven_demo.Demo_webshop_search_Test" time="5.235" errors="0" timestamp="2022-12-12T17:49:35 IST" skipped="0">
  <testcase classname="Maven_demo.Demo_webshop_search_Test" name="TC_Search" time="5.235"/>
  <system-out/>
</testsuite> <!-- Maven_demo.Demo_webshop_search_Test -->
